<?xml version="1.0" encoding="UTF-8" ?>
<testsuite errors="0" failures="0" hostname="DESKTOP-0HFE24F" name="utils.HitCheckerTest" skipped="0" tests="7" time="0.084" timestamp="2026-05-24T20:40:37">
  <properties>
[...]
</properties>
  <testcase classname="utils.HitCheckerTest" name="quarterCircleAreaHit" time="0.002" />
  <testcase classname="utils.HitCheckerTest" name="triangleAreaHit" time="0.0" />
  <testcase classname="utils.HitCheckerTest" name="outsideTriangleIsMiss" time="0.0" />
  <testcase classname="utils.HitCheckerTest" name="rectangleAreaHit" time="0.0" />
  <testcase classname="utils.HitCheckerTest" name="thirdQuadrantIsMiss" time="0.0" />
  <testcase classname="utils.HitCheckerTest" name="originIsHit" time="0.0" />
  <testcase classname="utils.HitCheckerTest" name="outsideRectangleIsMiss" time="0.0" />
  <system-out><![CDATA[]]></system-out>
  <system-err><![CDATA[]]></system-err>
</testsuite>
